2021-01-10 22:23:07,382 INFO o.a.j.u.JMeterUtils: Setting Locale to en_EN
2021-01-10 22:23:07,427 INFO o.a.j.JMeter: Loading user properties from: /usr/local/Cellar/jmeter/5.3/libexec/bin/user.properties
2021-01-10 22:23:07,428 INFO o.a.j.JMeter: Loading system properties from: /usr/local/Cellar/jmeter/5.3/libexec/bin/system.properties
2021-01-10 22:23:07,430 INFO o.a.j.JMeter: Copyright (c) 1998-2020 The Apache Software Foundation
2021-01-10 22:23:07,430 INFO o.a.j.JMeter: Version 5.3
2021-01-10 22:23:07,430 INFO o.a.j.JMeter: java.version=15.0.1
2021-01-10 22:23:07,430 INFO o.a.j.JMeter: java.vm.name=OpenJDK 64-Bit Server VM
2021-01-10 22:23:07,430 INFO o.a.j.JMeter: os.name=Mac OS X
2021-01-10 22:23:07,430 INFO o.a.j.JMeter: os.arch=x86_64
2021-01-10 22:23:07,430 INFO o.a.j.JMeter: os.version=10.16
2021-01-10 22:23:07,430 INFO o.a.j.JMeter: file.encoding=UTF-8
2021-01-10 22:23:07,431 INFO o.a.j.JMeter: java.awt.headless=null
2021-01-10 22:23:07,431 INFO o.a.j.JMeter: Max memory     =8589934592
2021-01-10 22:23:07,431 INFO o.a.j.JMeter: Available Processors =12
2021-01-10 22:23:07,443 INFO o.a.j.JMeter: Default Locale=English (EN)
2021-01-10 22:23:07,443 INFO o.a.j.JMeter: JMeter  Locale=English (EN)
2021-01-10 22:23:07,443 INFO o.a.j.JMeter: JMeterHome=/usr/local/Cellar/jmeter/5.3/libexec
2021-01-10 22:23:07,444 INFO o.a.j.JMeter: user.dir  =/Users/roydekleijn/develop/jmeter-grafana/influxdb-grafana-jmeter-docker
2021-01-10 22:23:07,444 INFO o.a.j.JMeter: PWD       =/Users/roydekleijn/develop/jmeter-grafana/influxdb-grafana-jmeter-docker
2021-01-10 22:23:07,445 INFO o.a.j.JMeter: IP: 127.0.0.1 Name: MacBook-Pro-3.local FullName: localhost
2021-01-10 22:23:08,024 INFO o.a.j.JMeter: Setting LAF to: com.github.weisj.darklaf.DarkLaf:com.github.weisj.darklaf.theme.DarculaTheme
2021-01-10 22:23:09,187 INFO o.a.j.JMeter: Loaded icon properties from org/apache/jmeter/images/icon.properties
2021-01-10 22:23:13,501 INFO o.j.r.JARSourceHTTP: Requesting https://jmeter-plugins.org/repo/?installID=mac_os_x-00356f108d8a2901483570c39f477117-gui
2021-01-10 22:23:14,946 INFO o.j.r.PluginManager: Plugins Status: [jpgc-cmd=2.2, jpgc-casutg=2.9, jpgc-ggl=2.0, jpgc-json=2.7, jpgc-plugins-manager=1.4, jmeter-core=5.3, jmeter-ftp=5.3, jmeter-http=5.3, jmeter-jdbc=5.3, jmeter-jms=5.3, jmeter-junit=5.3, jmeter-java=5.3, jmeter-ldap=5.3, jmeter-mail=5.3, jmeter-mongodb=5.3, jmeter-native=5.3, jmeter-tcp=5.3, jmeter-components=5.3]
2021-01-10 22:23:14,948 INFO o.j.r.PluginManagerMenuItem: Plugins Manager has upgrades: [jpgc-plugins-manager]
2021-01-10 22:23:24,804 INFO o.a.j.s.FileServer: Default base='/Users/roydekleijn/develop/jmeter-grafana/influxdb-grafana-jmeter-docker'
2021-01-10 22:23:24,807 INFO o.a.j.g.a.Load: Loading file: /Users/roydekleijn/knsb/knsb.jmx
2021-01-10 22:23:24,807 INFO o.a.j.s.FileServer: Set new base='/Users/roydekleijn/knsb'
2021-01-10 22:23:24,966 INFO o.a.j.s.SaveService: Testplan (JMX) version: 2.2. Testlog (JTL) version: 2.2
2021-01-10 22:23:24,977 INFO o.a.j.s.SaveService: Using SaveService properties version 5.0
2021-01-10 22:23:24,978 INFO o.a.j.s.SaveService: Using SaveService properties file encoding UTF-8
2021-01-10 22:23:24,980 INFO o.a.j.s.SaveService: Loading file: /Users/roydekleijn/knsb/knsb.jmx
2021-01-10 22:23:25,189 INFO o.a.j.p.h.c.CookieManager: Settings: Delete null: true Check: false Allow variable: true Save: true Prefix: COOKIE_
2021-01-10 22:23:25,198 INFO o.a.j.p.h.s.HTTPSamplerBase: Parser for text/html is org.apache.jmeter.protocol.http.parser.LagartoBasedHtmlParser
2021-01-10 22:23:25,198 INFO o.a.j.p.h.s.HTTPSamplerBase: Parser for application/xhtml+xml is org.apache.jmeter.protocol.http.parser.LagartoBasedHtmlParser
2021-01-10 22:23:25,198 INFO o.a.j.p.h.s.HTTPSamplerBase: Parser for application/xml is org.apache.jmeter.protocol.http.parser.LagartoBasedHtmlParser
2021-01-10 22:23:25,198 INFO o.a.j.p.h.s.HTTPSamplerBase: Parser for text/xml is org.apache.jmeter.protocol.http.parser.LagartoBasedHtmlParser
2021-01-10 22:23:25,198 INFO o.a.j.p.h.s.HTTPSamplerBase: Parser for text/vnd.wap.wml is org.apache.jmeter.protocol.http.parser.RegexpHTMLParser
2021-01-10 22:23:25,199 INFO o.a.j.p.h.s.HTTPSamplerBase: Parser for text/css is org.apache.jmeter.protocol.http.parser.CssParser
2021-01-10 22:23:25,214 INFO o.a.j.s.SampleResult: Note: Sample TimeStamps are START times
2021-01-10 22:23:25,215 INFO o.a.j.s.SampleResult: sampleresult.default.encoding is set to ISO-8859-1
2021-01-10 22:23:25,215 INFO o.a.j.s.SampleResult: sampleresult.useNanoTime=true
2021-01-10 22:23:25,215 INFO o.a.j.s.SampleResult: sampleresult.nanoThreadSleep=5000
2021-01-10 22:23:25,962 INFO o.a.j.v.ViewResultsFullVisualizer: Add JavaFX to your Java installation if you want to use renderer: org.apache.jmeter.visualizers.RenderInBrowser
2021-01-10 22:23:26,270 INFO o.a.j.v.ViewResultsFullVisualizer: Add JavaFX to your Java installation if you want to use renderer: org.apache.jmeter.visualizers.RenderInBrowser
2021-01-10 22:23:26,371 INFO o.a.j.s.FileServer: Set new base='/Users/roydekleijn/knsb'
2021-01-10 22:27:59,847 INFO o.a.j.e.StandardJMeterEngine: Running the test!
2021-01-10 22:27:59,848 INFO o.a.j.s.SampleEvent: List of sample_variables: []
2021-01-10 22:27:59,848 INFO o.a.j.s.SampleEvent: List of sample_variables: []
2021-01-10 22:27:59,849 INFO o.a.j.e.u.CompoundVariable: Note: Function class names must contain the string: '.functions.'
2021-01-10 22:27:59,850 INFO o.a.j.e.u.CompoundVariable: Note: Function class names must not contain the string: '.gui.'
2021-01-10 22:27:59,890 INFO o.a.j.v.b.BackendListener: Backend Listener: Starting worker with class: class org.apache.jmeter.visualizers.backend.influxdb.InfluxdbBackendListenerClient and queue capacity: 5000
2021-01-10 22:27:59,891 INFO o.a.j.v.b.BackendListener: Backend Listener: Started  worker with class: class org.apache.jmeter.visualizers.backend.influxdb.InfluxdbBackendListenerClient
2021-01-10 22:27:59,938 INFO o.a.j.g.u.JMeterMenuBar: setRunning(true, *local*)
2021-01-10 22:27:59,996 INFO o.a.j.e.StandardJMeterEngine: Starting ThreadGroup: 1 : Thread Group - bovensmilde
2021-01-10 22:27:59,996 INFO o.a.j.e.StandardJMeterEngine: Starting 5 threads for group Thread Group - bovensmilde.
2021-01-10 22:27:59,996 INFO o.a.j.e.StandardJMeterEngine: Thread will start next loop on error
2021-01-10 22:27:59,996 INFO o.a.j.t.ThreadGroup: Starting thread group... number=1 threads=5 ramp-up=120 delayedStart=false
2021-01-10 22:28:00,004 INFO o.a.j.t.ThreadGroup: Started thread group number 1
2021-01-10 22:28:00,004 INFO o.a.j.e.StandardJMeterEngine: All thread groups have been started
2021-01-10 22:28:00,005 INFO o.a.j.t.JMeterThread: Thread started: Thread Group - bovensmilde 1-1
2021-01-10 22:28:00,007 INFO o.a.j.s.FileServer: Stored: /Users/roydekleijn/knsb/bovensmilde.csv
2021-01-10 22:28:01,294 INFO o.a.j.p.h.s.HTTPHCAbstractImpl: Local host = MacBook-Pro-3.local
2021-01-10 22:28:01,297 INFO o.a.j.p.h.s.HTTPHC4Impl: HTTP request retry count = 0
2021-01-10 22:28:01,346 INFO o.a.j.p.h.s.h.LazyLayeredConnectionSocketFactory: Setting up HTTPS TrustAll Socket Factory
2021-01-10 22:28:01,347 INFO o.a.j.u.HttpSSLProtocolSocketFactory: Using protocol list:TLSv1.2 and cipher list: 
2021-01-10 22:28:01,348 INFO o.a.j.u.JsseSSLManager: Using default SSL protocol: TLSv1.2
2021-01-10 22:28:01,348 INFO o.a.j.u.JsseSSLManager: SSL session context: per-thread
2021-01-10 22:28:01,367 INFO o.a.j.u.SSLManager: JmeterKeyStore Location:  type JKS
2021-01-10 22:28:01,367 INFO o.a.j.u.SSLManager: KeyStore created OK
2021-01-10 22:28:01,368 WARN o.a.j.u.SSLManager: Keystore file not found, loading empty keystore
2021-01-10 22:28:02,721 INFO o.a.j.g.a.Start: Stopping test
2021-01-10 22:28:02,735 INFO o.a.j.t.JMeterThread: Stopping: Thread Group - bovensmilde 1-1
2021-01-10 22:28:02,735 INFO o.a.j.t.JMeterThread: Stopping: Thread Group - bovensmilde 1-2
2021-01-10 22:28:02,735 WARN o.a.j.t.JMeterThread: The delay timer was interrupted - probably did not wait as long as intended.
2021-01-10 22:28:02,735 INFO o.a.j.t.JMeterThread: Stopping: Thread Group - bovensmilde 1-5
2021-01-10 22:28:02,736 INFO o.a.j.t.JMeterThread: Stopping: Thread Group - bovensmilde 1-3
2021-01-10 22:28:02,736 INFO o.a.j.t.JMeterThread: Thread started: Thread Group - bovensmilde 1-2
2021-01-10 22:28:02,736 INFO o.a.j.t.JMeterThread: Thread finished: Thread Group - bovensmilde 1-1
2021-01-10 22:28:02,736 INFO o.a.j.t.JMeterThread: Stopping: Thread Group - bovensmilde 1-4
2021-01-10 22:28:02,736 INFO o.a.j.t.JMeterThread: Thread started: Thread Group - bovensmilde 1-5
2021-01-10 22:28:02,736 INFO o.a.j.t.JMeterThread: Thread started: Thread Group - bovensmilde 1-3
2021-01-10 22:28:02,736 INFO o.a.j.t.JMeterThread: Thread finished: Thread Group - bovensmilde 1-2
2021-01-10 22:28:02,736 INFO o.a.j.t.JMeterThread: Thread started: Thread Group - bovensmilde 1-4
2021-01-10 22:28:02,736 INFO o.a.j.t.JMeterThread: Thread finished: Thread Group - bovensmilde 1-5
2021-01-10 22:28:02,736 INFO o.a.j.t.JMeterThread: Thread finished: Thread Group - bovensmilde 1-3
2021-01-10 22:28:02,736 INFO o.a.j.t.JMeterThread: Thread finished: Thread Group - bovensmilde 1-4
2021-01-10 22:28:02,736 INFO o.a.j.e.StandardJMeterEngine: Notifying test listeners of end of test
2021-01-10 22:28:02,737 INFO o.a.j.s.FileServer: Close: /Users/roydekleijn/knsb/bovensmilde.csv
2021-01-10 22:28:02,737 INFO o.a.j.v.b.BackendListener: Worker ended
2021-01-10 22:28:02,737 INFO o.a.j.v.b.i.InfluxdbBackendListenerClient: Sending last metrics
2021-01-10 22:28:02,740 INFO o.a.j.v.b.i.HttpMetricsSender: Destroying 
2021-01-10 22:28:02,747 INFO o.a.j.g.u.JMeterMenuBar: setRunning(false, *local*)
2021-01-10 22:28:42,621 INFO o.a.j.e.StandardJMeterEngine: Running the test!
2021-01-10 22:28:42,622 INFO o.a.j.s.SampleEvent: List of sample_variables: []
2021-01-10 22:28:42,625 INFO o.a.j.v.b.BackendListener: Backend Listener: Starting worker with class: class org.apache.jmeter.visualizers.backend.influxdb.InfluxdbBackendListenerClient and queue capacity: 5000
2021-01-10 22:28:42,625 INFO o.a.j.v.b.BackendListener: Backend Listener: Started  worker with class: class org.apache.jmeter.visualizers.backend.influxdb.InfluxdbBackendListenerClient
2021-01-10 22:28:42,627 INFO o.a.j.g.u.JMeterMenuBar: setRunning(true, *local*)
2021-01-10 22:28:42,668 INFO o.a.j.e.StandardJMeterEngine: Starting ThreadGroup: 1 : Thread Group - bovensmilde
2021-01-10 22:28:42,668 INFO o.a.j.e.StandardJMeterEngine: Starting 5 threads for group Thread Group - bovensmilde.
2021-01-10 22:28:42,669 INFO o.a.j.e.StandardJMeterEngine: Thread will start next loop on error
2021-01-10 22:28:42,669 INFO o.a.j.t.ThreadGroup: Starting thread group... number=1 threads=5 ramp-up=120 delayedStart=false
2021-01-10 22:28:42,670 INFO o.a.j.t.JMeterThread: Thread started: Thread Group - bovensmilde 1-1
2021-01-10 22:28:42,671 INFO o.a.j.s.FileServer: Stored: /Users/roydekleijn/knsb/bovensmilde.csv
2021-01-10 22:28:42,673 INFO o.a.j.t.ThreadGroup: Started thread group number 1
2021-01-10 22:28:42,673 INFO o.a.j.e.StandardJMeterEngine: All thread groups have been started
2021-01-10 22:29:06,672 INFO o.a.j.t.JMeterThread: Thread started: Thread Group - bovensmilde 1-2
2021-01-10 22:29:30,672 INFO o.a.j.t.JMeterThread: Thread started: Thread Group - bovensmilde 1-3
2021-01-10 22:29:54,671 INFO o.a.j.t.JMeterThread: Thread started: Thread Group - bovensmilde 1-4
2021-01-10 22:30:18,672 INFO o.a.j.t.JMeterThread: Thread started: Thread Group - bovensmilde 1-5
2021-01-10 22:32:21,156 INFO o.a.j.g.a.Start: Stopping test
2021-01-10 22:32:21,170 INFO o.a.j.t.JMeterThread: Stopping: Thread Group - bovensmilde 1-3
2021-01-10 22:32:21,170 WARN o.a.j.t.JMeterThread: Interrupting: Thread Group - bovensmilde 1-3 sampler: POST - orders_step
2021-01-10 22:32:21,175 INFO o.a.j.t.JMeterThread: Stopping: Thread Group - bovensmilde 1-1
2021-01-10 22:32:21,176 INFO o.a.j.t.JMeterThread: Stopping: Thread Group - bovensmilde 1-2
2021-01-10 22:32:21,176 WARN o.a.j.t.JMeterThread: The delay timer was interrupted - probably did not wait as long as intended.
2021-01-10 22:32:21,176 INFO o.a.j.t.JMeterThread: Stopping: Thread Group - bovensmilde 1-5
2021-01-10 22:32:21,176 WARN o.a.j.t.JMeterThread: The delay timer was interrupted - probably did not wait as long as intended.
2021-01-10 22:32:21,176 INFO o.a.j.t.JMeterThread: Thread finished: Thread Group - bovensmilde 1-1
2021-01-10 22:32:21,176 WARN o.a.j.t.JMeterThread: Interrupting: Thread Group - bovensmilde 1-5 sampler: POST - orders_step_confirmation
2021-01-10 22:32:21,176 INFO o.a.j.t.JMeterThread: Thread finished: Thread Group - bovensmilde 1-2
2021-01-10 22:32:21,176 INFO o.a.j.t.JMeterThread: Stopping: Thread Group - bovensmilde 1-4
2021-01-10 22:32:21,176 WARN o.a.j.t.JMeterThread: The delay timer was interrupted - probably did not wait as long as intended.
2021-01-10 22:32:21,177 INFO o.a.j.t.JMeterThread: Thread finished: Thread Group - bovensmilde 1-4
2021-01-10 22:32:21,178 INFO o.a.j.t.JMeterThread: Thread finished: Thread Group - bovensmilde 1-5
2021-01-10 22:32:21,184 INFO o.a.j.t.JMeterThread: Thread finished: Thread Group - bovensmilde 1-3
2021-01-10 22:32:21,184 INFO o.a.j.e.StandardJMeterEngine: Notifying test listeners of end of test
2021-01-10 22:32:21,184 INFO o.a.j.s.FileServer: Close: /Users/roydekleijn/knsb/bovensmilde.csv
2021-01-10 22:32:21,184 INFO o.a.j.v.b.BackendListener: Worker ended
2021-01-10 22:32:21,185 INFO o.a.j.v.b.i.InfluxdbBackendListenerClient: Sending last metrics
2021-01-10 22:32:21,185 INFO o.a.j.v.b.i.HttpMetricsSender: Destroying 
2021-01-10 22:32:21,194 INFO o.a.j.g.u.JMeterMenuBar: setRunning(false, *local*)
2021-01-10 22:32:40,800 INFO o.a.j.e.StandardJMeterEngine: Running the test!
2021-01-10 22:32:40,800 INFO o.a.j.s.SampleEvent: List of sample_variables: []
2021-01-10 22:32:40,803 INFO o.a.j.v.b.BackendListener: Backend Listener: Starting worker with class: class org.apache.jmeter.visualizers.backend.influxdb.InfluxdbBackendListenerClient and queue capacity: 5000
2021-01-10 22:32:40,803 INFO o.a.j.v.b.BackendListener: Backend Listener: Started  worker with class: class org.apache.jmeter.visualizers.backend.influxdb.InfluxdbBackendListenerClient
2021-01-10 22:32:40,805 INFO o.a.j.g.u.JMeterMenuBar: setRunning(true, *local*)
2021-01-10 22:32:40,869 INFO o.a.j.e.StandardJMeterEngine: Starting ThreadGroup: 1 : Thread Group - bovensmilde
2021-01-10 22:32:40,869 INFO o.a.j.e.StandardJMeterEngine: Starting 5 threads for group Thread Group - bovensmilde.
2021-01-10 22:32:40,869 INFO o.a.j.e.StandardJMeterEngine: Thread will start next loop on error
2021-01-10 22:32:40,869 INFO o.a.j.t.ThreadGroup: Starting thread group... number=1 threads=5 ramp-up=120 delayedStart=false
2021-01-10 22:32:40,871 INFO o.a.j.t.JMeterThread: Thread started: Thread Group - bovensmilde 1-1
2021-01-10 22:32:40,872 INFO o.a.j.s.FileServer: Stored: /Users/roydekleijn/knsb/bovensmilde.csv
2021-01-10 22:32:40,873 INFO o.a.j.t.ThreadGroup: Started thread group number 1
2021-01-10 22:32:40,873 INFO o.a.j.e.StandardJMeterEngine: All thread groups have been started
2021-01-10 22:33:04,871 INFO o.a.j.t.JMeterThread: Thread started: Thread Group - bovensmilde 1-2
2021-01-10 22:33:28,871 INFO o.a.j.t.JMeterThread: Thread started: Thread Group - bovensmilde 1-3
2021-01-10 22:33:52,870 INFO o.a.j.t.JMeterThread: Thread started: Thread Group - bovensmilde 1-4
2021-01-10 22:34:16,874 INFO o.a.j.t.JMeterThread: Thread started: Thread Group - bovensmilde 1-5
2021-01-10 22:42:29,323 INFO o.a.j.g.a.Start: Stopping test
2021-01-10 22:42:29,340 INFO o.a.j.t.JMeterThread: Stopping: Thread Group - bovensmilde 1-3
2021-01-10 22:42:29,340 INFO o.a.j.t.JMeterThread: Stopping: Thread Group - bovensmilde 1-5
2021-01-10 22:42:29,340 WARN o.a.j.t.JMeterThread: The delay timer was interrupted - probably did not wait as long as intended.
2021-01-10 22:42:29,340 INFO o.a.j.t.JMeterThread: Stopping: Thread Group - bovensmilde 1-2
2021-01-10 22:42:29,340 WARN o.a.j.t.JMeterThread: The delay timer was interrupted - probably did not wait as long as intended.
2021-01-10 22:42:29,340 INFO o.a.j.t.JMeterThread: Stopping: Thread Group - bovensmilde 1-1
2021-01-10 22:42:29,340 WARN o.a.j.t.JMeterThread: The delay timer was interrupted - probably did not wait as long as intended.
2021-01-10 22:42:29,340 INFO o.a.j.t.JMeterThread: Thread finished: Thread Group - bovensmilde 1-3
2021-01-10 22:42:29,340 INFO o.a.j.t.JMeterThread: Stopping: Thread Group - bovensmilde 1-4
2021-01-10 22:42:29,340 WARN o.a.j.t.JMeterThread: The delay timer was interrupted - probably did not wait as long as intended.
2021-01-10 22:42:29,340 INFO o.a.j.t.JMeterThread: Thread finished: Thread Group - bovensmilde 1-5
2021-01-10 22:42:29,340 INFO o.a.j.t.JMeterThread: Thread finished: Thread Group - bovensmilde 1-2
2021-01-10 22:42:29,340 WARN o.a.j.t.JMeterThread: The delay timer was interrupted - probably did not wait as long as intended.
2021-01-10 22:42:29,340 INFO o.a.j.t.JMeterThread: Thread finished: Thread Group - bovensmilde 1-1
2021-01-10 22:42:29,341 INFO o.a.j.t.JMeterThread: Thread finished: Thread Group - bovensmilde 1-4
2021-01-10 22:42:29,341 INFO o.a.j.e.StandardJMeterEngine: Notifying test listeners of end of test
2021-01-10 22:42:29,341 INFO o.a.j.s.FileServer: Close: /Users/roydekleijn/knsb/bovensmilde.csv
2021-01-10 22:42:29,341 INFO o.a.j.v.b.BackendListener: Worker ended
2021-01-10 22:42:29,341 INFO o.a.j.v.b.i.InfluxdbBackendListenerClient: Sending last metrics
2021-01-10 22:42:29,342 INFO o.a.j.v.b.i.HttpMetricsSender: Destroying 
2021-01-10 22:42:29,350 INFO o.a.j.g.u.JMeterMenuBar: setRunning(false, *local*)
2021-01-10 22:42:40,235 INFO o.a.j.e.StandardJMeterEngine: Running the test!
2021-01-10 22:42:40,235 INFO o.a.j.s.SampleEvent: List of sample_variables: []
2021-01-10 22:42:40,238 INFO o.a.j.v.b.BackendListener: Backend Listener: Starting worker with class: class org.apache.jmeter.visualizers.backend.influxdb.InfluxdbBackendListenerClient and queue capacity: 5000
2021-01-10 22:42:40,238 INFO o.a.j.v.b.BackendListener: Backend Listener: Started  worker with class: class org.apache.jmeter.visualizers.backend.influxdb.InfluxdbBackendListenerClient
2021-01-10 22:42:40,239 INFO o.a.j.g.u.JMeterMenuBar: setRunning(true, *local*)
2021-01-10 22:42:40,288 INFO o.a.j.e.StandardJMeterEngine: Starting ThreadGroup: 1 : Thread Group - bovensmilde
2021-01-10 22:42:40,288 INFO o.a.j.e.StandardJMeterEngine: Starting 5 threads for group Thread Group - bovensmilde.
2021-01-10 22:42:40,288 INFO o.a.j.e.StandardJMeterEngine: Thread will start next loop on error
2021-01-10 22:42:40,288 INFO o.a.j.t.ThreadGroup: Starting thread group... number=1 threads=5 ramp-up=120 delayedStart=false
2021-01-10 22:42:40,291 INFO o.a.j.t.JMeterThread: Thread started: Thread Group - bovensmilde 1-1
2021-01-10 22:42:40,292 INFO o.a.j.s.FileServer: Stored: /Users/roydekleijn/knsb/bovensmilde.csv
2021-01-10 22:42:40,292 INFO o.a.j.t.ThreadGroup: Started thread group number 1
2021-01-10 22:42:40,292 INFO o.a.j.e.StandardJMeterEngine: Starting ThreadGroup: 2 : Thread Group - alblasserwaard
2021-01-10 22:42:40,292 INFO o.a.j.e.StandardJMeterEngine: Starting 5 threads for group Thread Group - alblasserwaard.
2021-01-10 22:42:40,292 INFO o.a.j.e.StandardJMeterEngine: Thread will start next loop on error
2021-01-10 22:42:40,293 INFO o.a.j.t.ThreadGroup: Starting thread group... number=2 threads=5 ramp-up=120 delayedStart=false
2021-01-10 22:42:40,294 INFO o.a.j.t.JMeterThread: Thread started: Thread Group - alblasserwaard 2-1
2021-01-10 22:42:40,295 INFO o.a.j.s.FileServer: Stored: /Users/roydekleijn/knsb/alblas.csv
2021-01-10 22:42:40,297 INFO o.a.j.t.ThreadGroup: Started thread group number 2
2021-01-10 22:42:40,297 INFO o.a.j.e.StandardJMeterEngine: Starting ThreadGroup: 3 : Thread Group - giethoorn
2021-01-10 22:42:40,297 INFO o.a.j.e.StandardJMeterEngine: Starting 5 threads for group Thread Group - giethoorn.
2021-01-10 22:42:40,297 INFO o.a.j.e.StandardJMeterEngine: Thread will start next loop on error
2021-01-10 22:42:40,297 INFO o.a.j.t.ThreadGroup: Starting thread group... number=3 threads=5 ramp-up=120 delayedStart=false
2021-01-10 22:42:40,298 INFO o.a.j.t.JMeterThread: Thread started: Thread Group - giethoorn 3-1
2021-01-10 22:42:40,301 INFO o.a.j.t.ThreadGroup: Started thread group number 3
2021-01-10 22:42:40,301 INFO o.a.j.e.StandardJMeterEngine: All thread groups have been started
2021-01-10 22:43:04,294 INFO o.a.j.t.JMeterThread: Thread started: Thread Group - bovensmilde 1-2
2021-01-10 22:43:04,296 INFO o.a.j.t.JMeterThread: Thread started: Thread Group - alblasserwaard 2-2
2021-01-10 22:43:04,299 INFO o.a.j.t.JMeterThread: Thread started: Thread Group - giethoorn 3-2
2021-01-10 22:43:28,294 INFO o.a.j.t.JMeterThread: Thread started: Thread Group - bovensmilde 1-3
2021-01-10 22:43:28,296 INFO o.a.j.t.JMeterThread: Thread started: Thread Group - alblasserwaard 2-3
2021-01-10 22:43:28,302 INFO o.a.j.t.JMeterThread: Thread started: Thread Group - giethoorn 3-3
2021-01-10 22:43:52,295 INFO o.a.j.t.JMeterThread: Thread started: Thread Group - bovensmilde 1-4
2021-01-10 22:43:52,298 INFO o.a.j.t.JMeterThread: Thread started: Thread Group - alblasserwaard 2-4
2021-01-10 22:43:52,299 INFO o.a.j.t.JMeterThread: Thread started: Thread Group - giethoorn 3-4
2021-01-10 22:44:16,295 INFO o.a.j.t.JMeterThread: Thread started: Thread Group - bovensmilde 1-5
2021-01-10 22:44:16,297 INFO o.a.j.t.JMeterThread: Thread started: Thread Group - alblasserwaard 2-5
2021-01-10 22:44:16,302 INFO o.a.j.t.JMeterThread: Thread started: Thread Group - giethoorn 3-5
2021-01-10 23:07:37,454 INFO o.a.j.g.a.Start: Stopping test
2021-01-10 23:07:37,469 INFO o.a.j.t.JMeterThread: Stopping: Thread Group - bovensmilde 1-2
2021-01-10 23:07:37,469 WARN o.a.j.t.JMeterThread: Interrupting: Thread Group - bovensmilde 1-2 sampler: POST - orders_step
2021-01-10 23:07:37,469 INFO o.a.j.t.JMeterThread: Stopping: Thread Group - bovensmilde 1-4
2021-01-10 23:07:37,469 WARN o.a.j.t.JMeterThread: Interrupting: Thread Group - bovensmilde 1-4 sampler: POST - orders_step
2021-01-10 23:07:37,470 INFO o.a.j.t.JMeterThread: Stopping: Thread Group - bovensmilde 1-3
2021-01-10 23:07:37,470 WARN o.a.j.t.JMeterThread: Interrupting: Thread Group - bovensmilde 1-3 sampler: POST - orders_step
2021-01-10 23:07:37,470 INFO o.a.j.t.JMeterThread: Stopping: Thread Group - bovensmilde 1-1
2021-01-10 23:07:37,470 WARN o.a.j.t.JMeterThread: Interrupting: Thread Group - bovensmilde 1-1 sampler: POST - orders_step
2021-01-10 23:07:37,470 INFO o.a.j.t.JMeterThread: Stopping: Thread Group - bovensmilde 1-5
2021-01-10 23:07:37,470 WARN o.a.j.t.JMeterThread: Interrupting: Thread Group - bovensmilde 1-5 sampler: GET - bruggentocht-bovensmilde
2021-01-10 23:07:37,471 INFO o.a.j.t.JMeterThread: Stopping: Thread Group - alblasserwaard 2-3
2021-01-10 23:07:37,471 WARN o.a.j.t.JMeterThread: Interrupting: Thread Group - alblasserwaard 2-3 sampler: POST - orders_step_products
2021-01-10 23:07:37,471 INFO o.a.j.t.JMeterThread: Stopping: Thread Group - alblasserwaard 2-1
2021-01-10 23:07:37,471 WARN o.a.j.t.JMeterThread: Interrupting: Thread Group - alblasserwaard 2-1 sampler: POST - orders_step_participants
2021-01-10 23:07:37,471 INFO o.a.j.t.JMeterThread: Stopping: Thread Group - alblasserwaard 2-2
2021-01-10 23:07:37,472 WARN o.a.j.t.JMeterThread: Interrupting: Thread Group - alblasserwaard 2-2 sampler: POST - orders_step_payment_method
2021-01-10 23:07:37,472 INFO o.a.j.t.JMeterThread: Stopping: Thread Group - alblasserwaard 2-4
2021-01-10 23:07:37,472 WARN o.a.j.t.JMeterThread: Interrupting: Thread Group - alblasserwaard 2-4 sampler: POST - orders_step
2021-01-10 23:07:37,472 INFO o.a.j.t.JMeterThread: Stopping: Thread Group - alblasserwaard 2-5
2021-01-10 23:07:37,472 WARN o.a.j.t.JMeterThread: Interrupting: Thread Group - alblasserwaard 2-5 sampler: POST - orders_step_customer_information
2021-01-10 23:07:37,473 INFO o.a.j.t.JMeterThread: Thread finished: Thread Group - alblasserwaard 2-3
2021-01-10 23:07:37,473 INFO o.a.j.t.JMeterThread: Thread finished: Thread Group - bovensmilde 1-5
2021-01-10 23:07:37,473 INFO o.a.j.t.JMeterThread: Stopping: Thread Group - giethoorn 3-2
2021-01-10 23:07:37,473 WARN o.a.j.t.JMeterThread: Interrupting: Thread Group - giethoorn 3-2 sampler: POST - orders_step_payment_method
2021-01-10 23:07:37,474 INFO o.a.j.t.JMeterThread: Thread finished: Thread Group - bovensmilde 1-4
2021-01-10 23:07:37,474 INFO o.a.j.t.JMeterThread: Thread finished: Thread Group - bovensmilde 1-2
2021-01-10 23:07:37,474 INFO o.a.j.t.JMeterThread: Stopping: Thread Group - giethoorn 3-3
2021-01-10 23:07:37,474 INFO o.a.j.t.JMeterThread: Thread finished: Thread Group - bovensmilde 1-3
2021-01-10 23:07:37,474 INFO o.a.j.t.JMeterThread: Stopping: Thread Group - giethoorn 3-1
2021-01-10 23:07:37,474 INFO o.a.j.t.JMeterThread: Thread finished: Thread Group - alblasserwaard 2-2
2021-01-10 23:07:37,474 WARN o.a.j.t.JMeterThread: Interrupting: Thread Group - giethoorn 3-1 sampler: GET - giethoorn
2021-01-10 23:07:37,474 INFO o.a.j.t.JMeterThread: Thread finished: Thread Group - alblasserwaard 2-1
2021-01-10 23:07:37,475 WARN o.a.j.t.JMeterThread: The delay timer was interrupted - probably did not wait as long as intended.
2021-01-10 23:07:37,475 INFO o.a.j.t.JMeterThread: Stopping: Thread Group - giethoorn 3-4
2021-01-10 23:07:37,475 INFO o.a.j.t.JMeterThread: Thread finished: Thread Group - bovensmilde 1-1
2021-01-10 23:07:37,475 WARN o.a.j.t.JMeterThread: Interrupting: Thread Group - giethoorn 3-4 sampler: GET - giethoorn
2021-01-10 23:07:37,475 INFO o.a.j.t.JMeterThread: Thread finished: Thread Group - giethoorn 3-3
2021-01-10 23:07:37,475 INFO o.a.j.t.JMeterThread: Stopping: Thread Group - giethoorn 3-5
2021-01-10 23:07:37,475 WARN o.a.j.t.JMeterThread: The delay timer was interrupted - probably did not wait as long as intended.
2021-01-10 23:07:37,475 INFO o.a.j.t.JMeterThread: Thread finished: Thread Group - giethoorn 3-5
2021-01-10 23:07:37,476 INFO o.a.j.t.JMeterThread: Thread finished: Thread Group - alblasserwaard 2-4
2021-01-10 23:07:37,476 INFO o.a.j.t.JMeterThread: Thread finished: Thread Group - giethoorn 3-2
2021-01-10 23:07:37,477 INFO o.a.j.t.JMeterThread: Thread finished: Thread Group - alblasserwaard 2-5
2021-01-10 23:07:37,478 INFO o.a.j.t.JMeterThread: Thread finished: Thread Group - giethoorn 3-4
2021-01-10 23:07:37,478 INFO o.a.j.t.JMeterThread: Thread finished: Thread Group - giethoorn 3-1
2021-01-10 23:07:37,479 INFO o.a.j.e.StandardJMeterEngine: Notifying test listeners of end of test
2021-01-10 23:07:37,479 INFO o.a.j.s.FileServer: Close: /Users/roydekleijn/knsb/bovensmilde.csv
2021-01-10 23:07:37,479 INFO o.a.j.s.FileServer: Close: /Users/roydekleijn/knsb/alblas.csv
2021-01-10 23:07:37,479 INFO o.a.j.v.b.BackendListener: Worker ended
2021-01-10 23:07:37,480 INFO o.a.j.v.b.i.InfluxdbBackendListenerClient: Sending last metrics
2021-01-10 23:07:37,480 INFO o.a.j.v.b.i.HttpMetricsSender: Destroying 
2021-01-10 23:07:37,490 INFO o.a.j.g.u.JMeterMenuBar: setRunning(false, *local*)
2021-01-10 23:14:28,625 INFO o.a.j.e.StandardJMeterEngine: Running the test!
2021-01-10 23:14:28,625 INFO o.a.j.s.SampleEvent: List of sample_variables: []
2021-01-10 23:14:28,629 INFO o.a.j.v.b.BackendListener: Backend Listener: Starting worker with class: class org.apache.jmeter.visualizers.backend.influxdb.InfluxdbBackendListenerClient and queue capacity: 5000
2021-01-10 23:14:28,629 INFO o.a.j.v.b.BackendListener: Backend Listener: Started  worker with class: class org.apache.jmeter.visualizers.backend.influxdb.InfluxdbBackendListenerClient
2021-01-10 23:14:28,631 INFO o.a.j.g.u.JMeterMenuBar: setRunning(true, *local*)
2021-01-10 23:14:28,719 INFO o.a.j.e.StandardJMeterEngine: Starting ThreadGroup: 1 : Thread Group - bovensmilde
2021-01-10 23:14:28,719 INFO o.a.j.e.StandardJMeterEngine: Starting 5 threads for group Thread Group - bovensmilde.
2021-01-10 23:14:28,719 INFO o.a.j.e.StandardJMeterEngine: Thread will start next loop on error
2021-01-10 23:14:28,719 INFO o.a.j.t.ThreadGroup: Starting thread group... number=1 threads=5 ramp-up=120 delayedStart=false
2021-01-10 23:14:28,721 INFO o.a.j.t.JMeterThread: Thread started: Thread Group - bovensmilde 1-1
2021-01-10 23:14:28,721 INFO o.a.j.s.FileServer: Stored: /Users/roydekleijn/knsb/bovensmilde.csv
2021-01-10 23:14:28,723 INFO o.a.j.t.ThreadGroup: Started thread group number 1
2021-01-10 23:14:28,724 INFO o.a.j.e.StandardJMeterEngine: Starting ThreadGroup: 2 : Thread Group - alblasserwaard
2021-01-10 23:14:28,724 INFO o.a.j.e.StandardJMeterEngine: Starting 5 threads for group Thread Group - alblasserwaard.
2021-01-10 23:14:28,724 INFO o.a.j.e.StandardJMeterEngine: Thread will start next loop on error
2021-01-10 23:14:28,724 INFO o.a.j.t.ThreadGroup: Starting thread group... number=2 threads=5 ramp-up=120 delayedStart=false
2021-01-10 23:14:28,725 INFO o.a.j.t.JMeterThread: Thread started: Thread Group - alblasserwaard 2-1
2021-01-10 23:14:28,726 INFO o.a.j.s.FileServer: Stored: /Users/roydekleijn/knsb/alblas.csv
2021-01-10 23:14:28,728 INFO o.a.j.t.ThreadGroup: Started thread group number 2
2021-01-10 23:14:28,728 INFO o.a.j.e.StandardJMeterEngine: Starting ThreadGroup: 3 : Thread Group - giethoorn
2021-01-10 23:14:28,728 INFO o.a.j.e.StandardJMeterEngine: Starting 5 threads for group Thread Group - giethoorn.
2021-01-10 23:14:28,728 INFO o.a.j.e.StandardJMeterEngine: Thread will start next loop on error
2021-01-10 23:14:28,728 INFO o.a.j.t.ThreadGroup: Starting thread group... number=3 threads=5 ramp-up=120 delayedStart=false
2021-01-10 23:14:28,729 INFO o.a.j.t.JMeterThread: Thread started: Thread Group - giethoorn 3-1
2021-01-10 23:14:28,731 INFO o.a.j.t.ThreadGroup: Started thread group number 3
2021-01-10 23:14:28,731 INFO o.a.j.e.StandardJMeterEngine: All thread groups have been started
2021-01-10 23:14:52,721 INFO o.a.j.t.JMeterThread: Thread started: Thread Group - bovensmilde 1-2
2021-01-10 23:14:52,729 INFO o.a.j.t.JMeterThread: Thread started: Thread Group - alblasserwaard 2-2
2021-01-10 23:14:52,733 INFO o.a.j.t.JMeterThread: Thread started: Thread Group - giethoorn 3-2
2021-01-10 23:15:16,722 INFO o.a.j.t.JMeterThread: Thread started: Thread Group - bovensmilde 1-3
2021-01-10 23:15:16,730 INFO o.a.j.t.JMeterThread: Thread started: Thread Group - alblasserwaard 2-3
2021-01-10 23:15:16,733 INFO o.a.j.t.JMeterThread: Thread started: Thread Group - giethoorn 3-3
2021-01-10 23:15:40,720 INFO o.a.j.t.JMeterThread: Thread started: Thread Group - bovensmilde 1-4
2021-01-10 23:15:40,726 INFO o.a.j.t.JMeterThread: Thread started: Thread Group - alblasserwaard 2-4
2021-01-10 23:15:40,734 INFO o.a.j.t.JMeterThread: Thread started: Thread Group - giethoorn 3-4
2021-01-10 23:16:04,720 INFO o.a.j.t.JMeterThread: Thread started: Thread Group - bovensmilde 1-5
2021-01-10 23:16:04,728 INFO o.a.j.t.JMeterThread: Thread started: Thread Group - alblasserwaard 2-5
2021-01-10 23:16:04,734 INFO o.a.j.t.JMeterThread: Thread started: Thread Group - giethoorn 3-5
2021-01-10 23:28:39,307 INFO o.a.j.g.a.Start: Stopping test
2021-01-10 23:28:39,326 INFO o.a.j.t.JMeterThread: Stopping: Thread Group - bovensmilde 1-3
2021-01-10 23:28:39,327 WARN o.a.j.t.JMeterThread: Interrupting: Thread Group - bovensmilde 1-3 sampler: POST - orders_step
2021-01-10 23:28:39,327 INFO o.a.j.t.JMeterThread: Stopping: Thread Group - bovensmilde 1-2
2021-01-10 23:28:39,327 INFO o.a.j.t.JMeterThread: Stopping: Thread Group - bovensmilde 1-5
2021-01-10 23:28:39,327 WARN o.a.j.t.JMeterThread: The delay timer was interrupted - probably did not wait as long as intended.
2021-01-10 23:28:39,328 INFO o.a.j.t.JMeterThread: Stopping: Thread Group - bovensmilde 1-1
2021-01-10 23:28:39,328 WARN o.a.j.t.JMeterThread: The delay timer was interrupted - probably did not wait as long as intended.
2021-01-10 23:28:39,328 INFO o.a.j.t.JMeterThread: Thread finished: Thread Group - bovensmilde 1-2
2021-01-10 23:28:39,328 WARN o.a.j.t.JMeterThread: Interrupting: Thread Group - bovensmilde 1-1 sampler: POST - orders_step_confirmation
2021-01-10 23:28:39,328 INFO o.a.j.t.JMeterThread: Thread finished: Thread Group - bovensmilde 1-5
2021-01-10 23:28:39,328 INFO o.a.j.t.JMeterThread: Stopping: Thread Group - bovensmilde 1-4
2021-01-10 23:28:39,328 INFO o.a.j.t.JMeterThread: Stopping: Thread Group - alblasserwaard 2-4
2021-01-10 23:28:39,328 INFO o.a.j.t.JMeterThread: Stopping: Thread Group - alblasserwaard 2-3
2021-01-10 23:28:39,329 INFO o.a.j.t.JMeterThread: Stopping: Thread Group - alblasserwaard 2-1
2021-01-10 23:28:39,329 WARN o.a.j.t.JMeterThread: Interrupting: Thread Group - alblasserwaard 2-1 sampler: POST - orders_step_products
2021-01-10 23:28:39,329 INFO o.a.j.t.JMeterThread: Thread finished: Thread Group - bovensmilde 1-1
2021-01-10 23:28:39,329 WARN o.a.j.t.JMeterThread: The delay timer was interrupted - probably did not wait as long as intended.
2021-01-10 23:28:39,329 INFO o.a.j.t.JMeterThread: Thread finished: Thread Group - bovensmilde 1-4
2021-01-10 23:28:39,329 WARN o.a.j.t.JMeterThread: The delay timer was interrupted - probably did not wait as long as intended.
2021-01-10 23:28:39,329 WARN o.a.j.t.JMeterThread: The delay timer was interrupted - probably did not wait as long as intended.
2021-01-10 23:28:39,329 INFO o.a.j.t.JMeterThread: Thread finished: Thread Group - alblasserwaard 2-3
2021-01-10 23:28:39,330 INFO o.a.j.t.JMeterThread: Thread finished: Thread Group - alblasserwaard 2-4
2021-01-10 23:28:39,330 INFO o.a.j.t.JMeterThread: Stopping: Thread Group - alblasserwaard 2-2
2021-01-10 23:28:39,330 INFO o.a.j.t.JMeterThread: Stopping: Thread Group - alblasserwaard 2-5
2021-01-10 23:28:39,330 WARN o.a.j.t.JMeterThread: Interrupting: Thread Group - alblasserwaard 2-5 sampler: POST - orders_step_payment_method
2021-01-10 23:28:39,331 WARN o.a.j.t.JMeterThread: The delay timer was interrupted - probably did not wait as long as intended.
2021-01-10 23:28:39,331 INFO o.a.j.t.JMeterThread: Thread finished: Thread Group - alblasserwaard 2-2
2021-01-10 23:28:39,331 INFO o.a.j.t.JMeterThread: Stopping: Thread Group - giethoorn 3-3
2021-01-10 23:28:39,331 INFO o.a.j.t.JMeterThread: Stopping: Thread Group - giethoorn 3-5
2021-01-10 23:28:39,331 INFO o.a.j.t.JMeterThread: Stopping: Thread Group - giethoorn 3-2
2021-01-10 23:28:39,331 WARN o.a.j.t.JMeterThread: Interrupting: Thread Group - giethoorn 3-2 sampler: POST - orders_step_products
2021-01-10 23:28:39,331 WARN o.a.j.t.JMeterThread: The delay timer was interrupted - probably did not wait as long as intended.
2021-01-10 23:28:39,332 INFO o.a.j.t.JMeterThread: Thread finished: Thread Group - giethoorn 3-5
2021-01-10 23:28:39,331 WARN o.a.j.t.JMeterThread: The delay timer was interrupted - probably did not wait as long as intended.
2021-01-10 23:28:39,332 INFO o.a.j.t.JMeterThread: Thread finished: Thread Group - giethoorn 3-3
2021-01-10 23:28:39,332 INFO o.a.j.t.JMeterThread: Stopping: Thread Group - giethoorn 3-4
2021-01-10 23:28:39,332 WARN o.a.j.t.JMeterThread: Interrupting: Thread Group - giethoorn 3-4 sampler: GET - giethoorn
2021-01-10 23:28:39,333 INFO o.a.j.t.JMeterThread: Thread finished: Thread Group - bovensmilde 1-3
2021-01-10 23:28:39,333 INFO o.a.j.t.JMeterThread: Thread finished: Thread Group - alblasserwaard 2-5
2021-01-10 23:28:39,333 INFO o.a.j.t.JMeterThread: Thread finished: Thread Group - alblasserwaard 2-1
2021-01-10 23:28:39,334 INFO o.a.j.t.JMeterThread: Stopping: Thread Group - giethoorn 3-1
2021-01-10 23:28:39,334 WARN o.a.j.t.JMeterThread: Interrupting: Thread Group - giethoorn 3-1 sampler: POST - orders_step_participants
2021-01-10 23:28:39,336 INFO o.a.j.t.JMeterThread: Thread finished: Thread Group - giethoorn 3-2
2021-01-10 23:28:39,338 INFO o.a.j.t.JMeterThread: Thread finished: Thread Group - giethoorn 3-4
2021-01-10 23:28:39,338 INFO o.a.j.t.JMeterThread: Thread finished: Thread Group - giethoorn 3-1
2021-01-10 23:28:39,338 INFO o.a.j.e.StandardJMeterEngine: Notifying test listeners of end of test
2021-01-10 23:28:39,338 INFO o.a.j.s.FileServer: Close: /Users/roydekleijn/knsb/bovensmilde.csv
2021-01-10 23:28:39,339 INFO o.a.j.s.FileServer: Close: /Users/roydekleijn/knsb/alblas.csv
2021-01-10 23:28:39,339 INFO o.a.j.v.b.BackendListener: Worker ended
2021-01-10 23:28:39,339 INFO o.a.j.v.b.i.InfluxdbBackendListenerClient: Sending last metrics
2021-01-10 23:28:39,340 INFO o.a.j.v.b.i.HttpMetricsSender: Destroying 
2021-01-10 23:28:39,355 INFO o.a.j.g.u.JMeterMenuBar: setRunning(false, *local*)
